<?xml version="1.0" encoding="UTF-8"?>
<testng-results ignored="0" total="1" passed="1" failed="0" skipped="0">
  <reporter-output>
  </reporter-output>
  <suite started-at="2023-07-31T08:55:39 IST" name="Default suite" finished-at="2023-07-31T08:55:56 IST" duration-ms="17758">
    <groups>
    </groups>
    <test started-at="2023-07-31T08:55:39 IST" name="Default test" finished-at="2023-07-31T08:55:56 IST" duration-ms="17758">
      <class name="allAutomationScripts.HandleDropDowns">
        <test-method is-config="true" signature="setUp()[pri:0, instance:allAutomationScripts.HandleDropDowns@437da279]" started-at="2023-07-31T08:55:39 IST" name="setUp" finished-at="2023-07-31T08:55:44 IST" duration-ms="5355" status="PASS">
          <reporter-output>
          </reporter-output>
        </test-method> <!-- setUp -->
        <test-method signature="dropdowmbyselectclass()[pri:0, instance:allAutomationScripts.HandleDropDowns@437da279]" started-at="2023-07-31T08:55:44 IST" name="dropdowmbyselectclass" finished-at="2023-07-31T08:55:56 IST" duration-ms="12323" status="PASS">
          <reporter-output>
          </reporter-output>
        </test-method> <!-- dropdowmbyselectclass -->
      </class> <!-- allAutomationScripts.HandleDropDowns -->
    </test> <!-- Default test -->
  </suite> <!-- Default suite -->
</testng-results>
